#
# A fatal error has been detected by the Java Runtime Environment:
#
#  EXCEPTION_ACCESS_VIOLATION (0xc0000005) at pc=0x00007ffa5a27e3a8, pid=11424, tid=13668
#
# JRE version: OpenJDK Runtime Environment (17.0.10) (build 17.0.10+0--11609105)
# Java VM: OpenJDK 64-Bit Server VM (17.0.10+0--11609105, mixed mode, tiered, compressed oops, compressed class ptrs, g1 gc, windows-amd64)
# Problematic frame:
# V  [jvm.dll+0x6ae3a8]
#
# No core dump will be written. Minidumps are not enabled by default on client versions of Windows
#
# If you would like to submit a bug report, please visit:
#   https://bugreport.java.com/bugreport/crash.jsp
#

---------------  S U M M A R Y ------------

Command Line: --add-opens=java.base/java.util=ALL-UNNAMED --add-opens=java.base/java.lang=ALL-UNNAMED --add-opens=java.base/java.lang.invoke=ALL-UNNAMED --add-opens=java.prefs/java.util.prefs=ALL-UNNAMED --add-opens=java.base/java.nio.charset=ALL-UNNAMED --add-opens=java.base/java.net=ALL-UNNAMED --add-opens=java.base/java.util.concurrent.atomic=ALL-UNNAMED -Xmx2048m -Dfile.encoding=UTF-8 -Duser.country=ES -Duser.language=es -Duser.variant org.gradle.launcher.daemon.bootstrap.GradleDaemon 8.0

Host: Intel(R) Core(TM) i5-7500 CPU @ 3.40GHz, 4 cores, 15G,  Windows 10 , 64 bit Build 19041 (10.0.19041.4597)
Time: Mon Jul 29 19:45:22 2024 Hora est. Pacífico, Sudamérica elapsed time: 9.825922 seconds (0d 0h 0m 9s)

---------------  T H R E A D  ---------------

Current thread (0x000001d4c4079ce0):  JavaThread "C2 CompilerThread0" daemon [_thread_in_native, id=13668, stack(0x0000005cbbc00000,0x0000005cbbd00000)]


Current CompileTask:
C2:   9825 3810       4       groovyjarjarantlr4.v4.runtime.atn.ParserATNSimulator::closure (784 bytes)

Stack: [0x0000005cbbc00000,0x0000005cbbd00000],  sp=0x0000005cbbcfad00,  free space=1003k
Native frames: (J=compiled Java code, j=interpreted, Vv=VM code, C=native code)
V  [jvm.dll+0x6ae3a8]
V  [jvm.dll+0x6aff14]
V  [jvm.dll+0x69fab7]
V  [jvm.dll+0x6991eb]
V  [jvm.dll+0x698827]
V  [jvm.dll+0x696712]
V  [jvm.dll+0x1a930c]
V  [jvm.dll+0x2b2644]
V  [jvm.dll+0x6a1225]
V  [jvm.dll+0x6991eb]
V  [jvm.dll+0x698827]
V  [jvm.dll+0x696712]
V  [jvm.dll+0x1a930c]
V  [jvm.dll+0x1a9ed6]
V  [jvm.dll+0x2b2644]
V  [jvm.dll+0x6a1225]
V  [jvm.dll+0x6991eb]
V  [jvm.dll+0x698827]
V  [jvm.dll+0x696712]
V  [jvm.dll+0x1a930c]
V  [jvm.dll+0x2b2644]
V  [jvm.dll+0x6a1225]
V  [jvm.dll+0x6991eb]
V  [jvm.dll+0x698827]
V  [jvm.dll+0x696712]
V  [jvm.dll+0x1a930c]
V  [jvm.dll+0x1a9ed6]
V  [jvm.dll+0x2b2644]
V  [jvm.dll+0x6a1225]
V  [jvm.dll+0x6991eb]
V  [jvm.dll+0x698827]
V  [jvm.dll+0x696712]
V  [jvm.dll+0x1a930c]
V  [jvm.dll+0x2b2644]
V  [jvm.dll+0x6a1225]
V  [jvm.dll+0x6991eb]
V  [jvm.dll+0x698827]
V  [jvm.dll+0x696712]
V  [jvm.dll+0x1a930c]
V  [jvm.dll+0x1a9ed6]
V  [jvm.dll+0x1a9ed6]
V  [jvm.dll+0x2b2644]
V  [jvm.dll+0x6a1225]
V  [jvm.dll+0x6991eb]
V  [jvm.dll+0x698827]
V  [jvm.dll+0x696712]
V  [jvm.dll+0x1a930c]
V  [jvm.dll+0x1a9ed6]
V  [jvm.dll+0x1a9ed6]
V  [jvm.dll+0x2b2644]
V  [jvm.dll+0x6a1225]
V  [jvm.dll+0x6991eb]
V  [jvm.dll+0x698827]
V  [jvm.dll+0x696712]
V  [jvm.dll+0x1a930c]
V  [jvm.dll+0x21ca78]
V  [jvm.dll+0x1a60ad]
V  [jvm.dll+0x22cd78]
V  [jvm.dll+0x22aeb0]
V  [jvm.dll+0x7f6877]
V  [jvm.dll+0x7f0c7a]
V  [jvm.dll+0x687c65]
C  [ucrtbase.dll+0x21bb2]
C  [KERNEL32.DLL+0x17374]
C  [ntdll.dll+0x4cc91]


siginfo: EXCEPTION_ACCESS_VIOLATION (0xc0000005), reading address 0x000005d4c7ea9f00


Registers:
RAX=0x0000000000000000, RBX=0x0000000000000113, RCX=0x000001d4c7ea9ec0, RDX=0x0000000000000000
RSP=0x0000005cbbcfad00, RBP=0x0000000000000003, RSI=0x0000005cbbcfe608, RDI=0x000001d4c7ea9ec0
R8 =0x000005d4c7ea9f00, R9 =0x000001d4c672efe0, R10=0x000001d4c7ea9cc8, R11=0x000001d4c672efe0
R12=0x0000000000000000, R13=0x0000000000000c71, R14=0x0000000000000c71, R15=0x000001d4c672efa0
RIP=0x00007ffa5a27e3a8, EFLAGS=0x0000000000010206


Register to memory mapping:

RIP=0x00007ffa5a27e3a8 jvm.dll
RAX=0x0 is NULL
RBX=0x0000000000000113 is an unknown value
RCX=0x000001d4c7ea9ec0 points into unknown readable memory: 0x00007ffa5a4f0cd8 | d8 0c 4f 5a fa 7f 00 00
RDX=0x0 is NULL
RSP=0x0000005cbbcfad00 is pointing into the stack for thread: 0x000001d4c4079ce0
RBP=0x0000000000000003 is an unknown value
RSI=0x0000005cbbcfe608 is pointing into the stack for thread: 0x000001d4c4079ce0
RDI=0x000001d4c7ea9ec0 points into unknown readable memory: 0x00007ffa5a4f0cd8 | d8 0c 4f 5a fa 7f 00 00
R8 =0x000005d4c7ea9f00 is an unknown value
R9 =0x000001d4c672efe0 points into unknown readable memory: 0x0000000000000000 | 00 00 00 00 00 00 00 00
R10=0x000001d4c7ea9cc8 points into unknown readable memory: 0x00007ffa5a50e748 | 48 e7 50 5a fa 7f 00 00
R11=0x000001d4c672efe0 points into unknown readable memory: 0x0000000000000000 | 00 00 00 00 00 00 00 00
R12=0x0 is NULL
R13=0x0000000000000c71 is an unknown value
R14=0x0000000000000c71 is an unknown value
R15=0x000001d4c672efa0 points into unknown readable memory: 0x00007ffa5a4f0cd8 | d8 0c 4f 5a fa 7f 00 00


Top of Stack: (sp=0x0000005cbbcfad00)
0x0000005cbbcfad00:   000001d4c40d6180 0000005cbbcfe608
0x0000005cbbcfad10:   000001d4c7ea9cc8 000001d4c672eef8
0x0000005cbbcfad20:   00007ffa59bd0000 0000005cbbcfafa0
0x0000005cbbcfad30:   0000000000000050 000001d4c4036168
0x0000005cbbcfad40:   000001d4c672efa0 00007ffa5a27ff14
0x0000005cbbcfad50:   000001d4c40d6180 0000005c00000113
0x0000005cbbcfad60:   000001d4c672eef8 0000005cbbcfdc80
0x0000005cbbcfad70:   000001d4c7ea9d38 00007ffa5a26fab7
0x0000005cbbcfad80:   000001d4c7ea9da8 000001d4c672eef8
0x0000005cbbcfad90:   0000005cbbcfb0a8 00007ffa59bd0000
0x0000005cbbcfada0:   0000000000000000 00007ffa5a236392
0x0000005cbbcfadb0:   0000005cbbcfe950 0000000000000011
0x0000005cbbcfadc0:   000001d4c672e858 0000000000000020
0x0000005cbbcfadd0:   0000000000000000 00000000fffffffc
0x0000005cbbcfade0:   000001d4c76c28a8 00007ffa5a234d35
0x0000005cbbcfadf0:   000001d40000000a 00007ffa1b873593
0x0000005cbbcfae00:   000001d40000000a 00007ffa1b873593
0x0000005cbbcfae10:   0000000000000040 0000000000000000
0x0000005cbbcfae20:   0000005cbbcfafa0 00007ffa5a2691eb
0x0000005cbbcfae30:   0000000000000050 0000000000000000
0x0000005cbbcfae40:   0000005cbbcfb0a8 00007ffa5a27ff14
0x0000005cbbcfae50:   000001d4c40d55a0 0000005cbbcfdc80
0x0000005cbbcfae60:   0000000000000000 0000000000000000
0x0000005cbbcfae70:   0000005cbbcfafa0 00007ffa5a268827
0x0000005cbbcfae80:   000001d4c7f10050 0000000000000000
0x0000005cbbcfae90:   0000000000000000 000001d4c7f10050
0x0000005cbbcfaea0:   000001d4c4036168 00000000000025d3
0x0000005cbbcfaeb0:   000001d4c672e858 0000000000000000
0x0000005cbbcfaec0:   000001d4c40d5610 00000000fffffffc
0x0000005cbbcfaed0:   0000000000000000 000001d4c672e770
0x0000005cbbcfaee0:   0000005cbbcfafa0 0000000000000000
0x0000005cbbcfaef0:   000001d4c7f100a0 00007ffa5a266712 

Instructions: (pc=0x00007ffa5a27e3a8)
0x00007ffa5a27e2a8:   49 8b 06 48 8b d3 49 8b ce ff 50 60 84 c0 75 38
0x00007ffa5a27e2b8:   8b 45 08 41 03 f7 ff c8 23 f0 48 8b 45 18 48 8b
0x00007ffa5a27e2c8:   1c f0 48 85 db 75 a1 33 c0 48 8b 5c 24 40 48 8b
0x00007ffa5a27e2d8:   6c 24 48 48 8b 74 24 50 48 8b 7c 24 58 48 83 c4
0x00007ffa5a27e2e8:   20 41 5f 41 5e 41 5c c3 48 8b c3 eb dc cc cc cc
0x00007ffa5a27e2f8:   cc cc cc cc cc cc cc cc 48 89 5c 24 08 48 89 6c
0x00007ffa5a27e308:   24 18 48 89 74 24 20 57 41 54 41 55 41 56 41 57
0x00007ffa5a27e318:   48 83 ec 20 48 8b 02 48 8b f1 48 8b ca 4c 8b fa
0x00007ffa5a27e328:   ff 50 58 85 c0 0f 84 e0 00 00 00 44 8b 76 08 41
0x00007ffa5a27e338:   ff ce 44 23 f0 48 8b 46 18 45 8b ee 41 83 cd 01
0x00007ffa5a27e348:   4a 8b 3c f0 48 85 ff 75 09 4e 89 3c f0 e9 a6 00
0x00007ffa5a27e358:   00 00 49 8b 07 49 8b cf 48 8b 5e 20 ff 10 41 8b
0x00007ffa5a27e368:   6f 18 45 8b e6 89 44 24 58 33 c0 48 3b fb 8b 5c
0x00007ffa5a27e378:   24 58 44 0f 45 e0 66 90 39 6f 18 75 43 48 8b 07
0x00007ffa5a27e388:   48 8b cf ff 10 3b c3 75 37 33 c0 85 ed 74 21 4c
0x00007ffa5a27e398:   8b 47 08 4d 8b 4f 08 90 48 8d 14 c5 00 00 00 00
0x00007ffa5a27e3a8:   4a 8b 0c 02 4a 39 0c 0a 75 16 ff c0 3b c5 72 e8
0x00007ffa5a27e3b8:   49 8b 07 48 8b d7 49 8b cf ff 50 60 84 c0 75 28
0x00007ffa5a27e3c8:   8b 46 08 45 03 f5 48 8b 4e 18 ff c8 44 23 f0 4a
0x00007ffa5a27e3d8:   8b 3c f1 48 85 ff 74 15 45 85 e4 75 9b 48 3b 7e
0x00007ffa5a27e3e8:   20 75 95 45 8b e6 eb 90 48 8b c7 eb 20 45 85 e4
0x00007ffa5a27e3f8:   45 0f 44 e6 4e 89 3c e1 ff 46 0c 8b 46 0c 3b 46
0x00007ffa5a27e408:   10 75 08 48 8b ce e8 4d fb ff ff 33 c0 48 8b 5c
0x00007ffa5a27e418:   24 50 48 8b 6c 24 60 48 8b 74 24 68 48 83 c4 20
0x00007ffa5a27e428:   41 5f 41 5e 41 5d 41 5c 5f c3 cc cc cc cc cc cc
0x00007ffa5a27e438:   cc cc cc cc cc cc cc cc 48 89 5c 24 08 48 89 74
0x00007ffa5a27e448:   24 10 57 48 83 ec 20 48 8b 02 48 8b d9 48 8b ca
0x00007ffa5a27e458:   48 8b fa ff 50 58 8b f0 85 c0 74 54 ff 43 0c 44
0x00007ffa5a27e468:   8b 43 0c 44 3b 43 10 75 08 48 8b cb e8 e7 fa ff
0x00007ffa5a27e478:   ff 44 8b 5b 08 4c 8b 43 18 41 ff cb 41 8b c3 23
0x00007ffa5a27e488:   c6 44 8b d0 41 83 ca 01 49 8b 14 c0 48 85 d2 74
0x00007ffa5a27e498:   1b 4c 8b 4b 20 0f 1f 00 49 3b d1 74 0f 41 03 c2 


Stack slot to memory mapping:
stack at sp + 0 slots: 0x000001d4c40d6180 points into unknown readable memory: 0x00007ffa5a5a9fe8 | e8 9f 5a 5a fa 7f 00 00
stack at sp + 1 slots: 0x0000005cbbcfe608 is pointing into the stack for thread: 0x000001d4c4079ce0
stack at sp + 2 slots: 0x000001d4c7ea9cc8 points into unknown readable memory: 0x00007ffa5a50e748 | 48 e7 50 5a fa 7f 00 00
stack at sp + 3 slots: 0x000001d4c672eef8 points into unknown readable memory: 0x00007ffa5a53d3a8 | a8 d3 53 5a fa 7f 00 00
stack at sp + 4 slots: 0x00007ffa59bd0000 jvm.dll
stack at sp + 5 slots: 0x0000005cbbcfafa0 is pointing into the stack for thread: 0x000001d4c4079ce0
stack at sp + 6 slots: 0x0000000000000050 is an unknown value
stack at sp + 7 slots: 0x000001d4c4036168 points into unknown readable memory: 0x000001d4bfb1a870 | 70 a8 b1 bf d4 01 00 00


---------------  P R O C E S S  ---------------

Threads class SMR info:
_java_thread_list=0x000001d4c71711d0, length=38, elements={
0x000001d4a653e000, 0x000001d4c4049250, 0x000001d4c404b600, 0x000001d4c4063810,
0x000001d4c40641e0, 0x000001d4c40777d0, 0x000001d4c40788c0, 0x000001d4c4079ce0,
0x000001d4c407a5f0, 0x000001d4c407cf10, 0x000001d4c41ecb80, 0x000001d4c4217840,
0x000001d4c65e3000, 0x000001d4c5877fe0, 0x000001d4c6873e80, 0x000001d4c56a7a90,
0x000001d4c56a8340, 0x000001d4c646dc00, 0x000001d4c5e40840, 0x000001d4c6335fa0,
0x000001d4c6338820, 0x000001d4c6336ed0, 0x000001d4c63373e0, 0x000001d4c63378f0,
0x000001d4c63369c0, 0x000001d4c6338310, 0x000001d4c6335070, 0x000001d4c6335580,
0x000001d4c6335a90, 0x000001d4c633d9d0, 0x000001d4c633dee0, 0x000001d4c63425c0,
0x000001d4c6341ba0, 0x000001d4c6341690, 0x000001d4c633cfb0, 0x000001d4c633f320,
0x000001d4c6342ad0, 0x000001d4c679f7d0
}

Java Threads: ( => current thread )
  0x000001d4a653e000 JavaThread "main" [_thread_blocked, id=5736, stack(0x0000005cbaf00000,0x0000005cbb000000)]
  0x000001d4c4049250 JavaThread "Reference Handler" daemon [_thread_blocked, id=11500, stack(0x0000005cbb600000,0x0000005cbb700000)]
  0x000001d4c404b600 JavaThread "Finalizer" daemon [_thread_blocked, id=13368, stack(0x0000005cbb700000,0x0000005cbb800000)]
  0x000001d4c4063810 JavaThread "Signal Dispatcher" daemon [_thread_blocked, id=13224, stack(0x0000005cbb800000,0x0000005cbb900000)]
  0x000001d4c40641e0 JavaThread "Attach Listener" daemon [_thread_blocked, id=9108, stack(0x0000005cbb900000,0x0000005cbba00000)]
  0x000001d4c40777d0 JavaThread "Service Thread" daemon [_thread_blocked, id=5548, stack(0x0000005cbba00000,0x0000005cbbb00000)]
  0x000001d4c40788c0 JavaThread "Monitor Deflation Thread" daemon [_thread_blocked, id=13352, stack(0x0000005cbbb00000,0x0000005cbbc00000)]
=>0x000001d4c4079ce0 JavaThread "C2 CompilerThread0" daemon [_thread_in_native, id=13668, stack(0x0000005cbbc00000,0x0000005cbbd00000)]
  0x000001d4c407a5f0 JavaThread "C1 CompilerThread0" daemon [_thread_in_native, id=8668, stack(0x0000005cbbd00000,0x0000005cbbe00000)]
  0x000001d4c407cf10 JavaThread "Sweeper thread" daemon [_thread_blocked, id=14696, stack(0x0000005cbbe00000,0x0000005cbbf00000)]
  0x000001d4c41ecb80 JavaThread "Common-Cleaner" daemon [_thread_blocked, id=5760, stack(0x0000005cbbf00000,0x0000005cbc000000)]
  0x000001d4c4217840 JavaThread "Notification Thread" daemon [_thread_blocked, id=12208, stack(0x0000005cbc000000,0x0000005cbc100000)]
  0x000001d4c65e3000 JavaThread "Daemon health stats" [_thread_blocked, id=3944, stack(0x0000005cbc600000,0x0000005cbc700000)]
  0x000001d4c5877fe0 JavaThread "Incoming local TCP Connector on port 51201" [_thread_in_native, id=6064, stack(0x0000005cbc700000,0x0000005cbc800000)]
  0x000001d4c6873e80 JavaThread "Daemon periodic checks" [_thread_blocked, id=3484, stack(0x0000005cbc800000,0x0000005cbc900000)]
  0x000001d4c56a7a90 JavaThread "Daemon" [_thread_blocked, id=9372, stack(0x0000005cbc900000,0x0000005cbca00000)]
  0x000001d4c56a8340 JavaThread "Handler for socket connection from /127.0.0.1:51201 to /127.0.0.1:51202" [_thread_in_native, id=12516, stack(0x0000005cbca00000,0x0000005cbcb00000)]
  0x000001d4c646dc00 JavaThread "Cancel handler" [_thread_blocked, id=13684, stack(0x0000005cbcb00000,0x0000005cbcc00000)]
  0x000001d4c5e40840 JavaThread "Daemon worker" [_thread_in_vm, id=12380, stack(0x0000005cbcc00000,0x0000005cbcd00000)]
  0x000001d4c6335fa0 JavaThread "Asynchronous log dispatcher for DefaultDaemonConnection: socket connection from /127.0.0.1:51201 to /127.0.0.1:51202" [_thread_blocked, id=5640, stack(0x0000005cbcd00000,0x0000005cbce00000)]
  0x000001d4c6338820 JavaThread "Stdin handler" [_thread_blocked, id=8860, stack(0x0000005cbce00000,0x0000005cbcf00000)]
  0x000001d4c6336ed0 JavaThread "Daemon client event forwarder" [_thread_blocked, id=9124, stack(0x0000005cbcf00000,0x0000005cbd000000)]
  0x000001d4c63373e0 JavaThread "Cache worker for journal cache (C:\Users\Gilmys\.gradle\caches\journal-1)" [_thread_blocked, id=13272, stack(0x0000005cbd000000,0x0000005cbd100000)]
  0x000001d4c63378f0 JavaThread "File lock request listener" [_thread_in_native, id=8736, stack(0x0000005cbd100000,0x0000005cbd200000)]
  0x000001d4c63369c0 JavaThread "Cache worker for file hash cache (C:\Users\Gilmys\.gradle\caches\8.0\fileHashes)" [_thread_blocked, id=13528, stack(0x0000005cbd200000,0x0000005cbd300000)]
  0x000001d4c6338310 JavaThread "File watcher server" daemon [_thread_in_native, id=2112, stack(0x0000005cbc200000,0x0000005cbc300000)]
  0x000001d4c6335070 JavaThread "File watcher consumer" daemon [_thread_blocked, id=11884, stack(0x0000005cbd300000,0x0000005cbd400000)]
  0x000001d4c6335580 JavaThread "jar transforms" [_thread_blocked, id=7376, stack(0x0000005cbd400000,0x0000005cbd500000)]
  0x000001d4c6335a90 JavaThread "jar transforms Thread 2" [_thread_blocked, id=10168, stack(0x0000005cbd500000,0x0000005cbd600000)]
  0x000001d4c633d9d0 JavaThread "jar transforms Thread 3" [_thread_blocked, id=14888, stack(0x0000005cbd600000,0x0000005cbd700000)]
  0x000001d4c633dee0 JavaThread "jar transforms Thread 4" [_thread_blocked, id=3012, stack(0x0000005cbd700000,0x0000005cbd800000)]
  0x000001d4c63425c0 JavaThread "Cache worker for checksums cache (C:\Users\Gilmys\Desktop\QUINTO SEMESTRE\App Moviles\calculator-android-kotlin-main\.gradle\8.0\checksums)" [_thread_blocked, id=12596, stack(0x0000005cbd900000,0x0000005cbda00000)]
  0x000001d4c6341ba0 JavaThread "Cache worker for cache directory md-rule (C:\Users\Gilmys\.gradle\caches\8.0\md-rule)" [_thread_blocked, id=14904, stack(0x0000005cbd800000,0x0000005cbd900000)]
  0x000001d4c6341690 JavaThread "Cache worker for file content cache (C:\Users\Gilmys\.gradle\caches\8.0\fileContent)" [_thread_blocked, id=14272, stack(0x0000005cbda00000,0x0000005cbdb00000)]
  0x000001d4c633cfb0 JavaThread "Cache worker for file hash cache (C:\Users\Gilmys\Desktop\QUINTO SEMESTRE\App Moviles\calculator-android-kotlin-main\.gradle\8.0\fileHashes)" [_thread_blocked, id=14520, stack(0x0000005cbdb00000,0x0000005cbdc00000)]
  0x000001d4c633f320 JavaThread "Cache worker for cache directory md-supplier (C:\Users\Gilmys\.gradle\caches\8.0\md-supplier)" [_thread_blocked, id=11416, stack(0x0000005cbdc00000,0x0000005cbdd00000)]
  0x000001d4c6342ad0 JavaThread "Cache worker for execution history cache (C:\Users\Gilmys\.gradle\caches\8.0\executionHistory)" [_thread_blocked, id=11360, stack(0x0000005cbdd00000,0x0000005cbde00000)]
  0x000001d4c679f7d0 JavaThread "C2 CompilerThread1" daemon [_thread_in_native, id=4408, stack(0x0000005cbde00000,0x0000005cbdf00000)]

Other Threads:
  0x000001d4c4028890 VMThread "VM Thread" [stack: 0x0000005cbb500000,0x0000005cbb600000] [id=9248]
  0x000001d4c4219d30 WatcherThread [stack: 0x0000005cbc100000,0x0000005cbc200000] [id=6484]
  0x000001d4a6599f40 GCTaskThread "GC Thread#0" [stack: 0x0000005cbb000000,0x0000005cbb100000] [id=5756]
  0x000001d4c48f0740 GCTaskThread "GC Thread#1" [stack: 0x0000005cbc300000,0x0000005cbc400000] [id=8240]
  0x000001d4c4a8e830 GCTaskThread "GC Thread#2" [stack: 0x0000005cbc400000,0x0000005cbc500000] [id=3984]
  0x000001d4c4b7e040 GCTaskThread "GC Thread#3" [stack: 0x0000005cbc500000,0x0000005cbc600000] [id=7524]
  0x000001d4a65aada0 ConcurrentGCThread "G1 Main Marker" [stack: 0x0000005cbb100000,0x0000005cbb200000] [id=7716]
  0x000001d4a65abe70 ConcurrentGCThread "G1 Conc#0" [stack: 0x0000005cbb200000,0x0000005cbb300000] [id=13144]
  0x000001d4a65fd7d0 ConcurrentGCThread "G1 Refine#0" [stack: 0x0000005cbb300000,0x0000005cbb400000] [id=2812]
  0x000001d4a65fe110 ConcurrentGCThread "G1 Service" [stack: 0x0000005cbb400000,0x0000005cbb500000] [id=8]

Threads with active compile tasks:
C2 CompilerThread0     9954 3810       4       groovyjarjarantlr4.v4.runtime.atn.ParserATNSimulator::closure (784 bytes)
C1 CompilerThread0     9954 4027       2       org.codehaus.groovy.ast.ClassNode$MapOfLists$$Lambda$473/0x00000001005bbca0::apply (5 bytes)
C2 CompilerThread1     9954 3778       4       groovyjarjarantlr4.v4.runtime.atn.ParserATNSimulator::getEpsilonTarget (147 bytes)

VM state: not at safepoint (normal execution)

VM Mutex/Monitor currently owned by a thread: None

Heap address: 0x0000000080000000, size: 2048 MB, Compressed Oops mode: 32-bit

CDS archive(s) not mapped
Compressed class space mapped at: 0x0000000100000000-0x0000000140000000, reserved size: 1073741824
Narrow klass base: 0x0000000000000000, Narrow klass shift: 3, Narrow klass range: 0x140000000

GC Precious Log:
 CPUs: 4 total, 4 available
 Memory: 16309M
 Large Page Support: Disabled
 NUMA Support: Disabled
 Compressed Oops: Enabled (32-bit)
 Heap Region Size: 1M
 Heap Min Capacity: 8M
 Heap Initial Capacity: 256M
 Heap Max Capacity: 2G
 Pre-touch: Disabled
 Parallel Workers: 4
 Concurrent Workers: 1
 Concurrent Refinement Workers: 4
 Periodic GC: Disabled

Heap:
 garbage-first heap   total 86016K, used 46292K [0x0000000080000000, 0x0000000100000000)
  region size 1024K, 6 young (6144K), 3 survivors (3072K)
 Metaspace       used 45097K, committed 45440K, reserved 1114112K
  class space    used 6128K, committed 6272K, reserved 1048576K

Heap Regions: E=young(eden), S=young(survivor), O=old, HS=humongous(starts), HC=humongous(continues), CS=collection set, F=free, OA=open archive, CA=closed archive, TAMS=top-at-mark-start (previous, next)
|   0|0x0000000080000000, 0x0000000080100000, 0x0000000080100000|100%| O|  |TAMS 0x0000000080100000, 0x0000000080000000| Untracked 
|   1|0x0000000080100000, 0x0000000080200000, 0x0000000080200000|100%| O|  |TAMS 0x0000000080200000, 0x0000000080100000| Untracked 
|   2|0x0000000080200000, 0x0000000080300000, 0x0000000080300000|100%|HS|  |TAMS 0x0000000080300000, 0x0000000080200000| Complete 
|   3|0x0000000080300000, 0x0000000080400000, 0x0000000080400000|100%|HC|  |TAMS 0x0000000080400000, 0x0000000080300000| Complete 
|   4|0x0000000080400000, 0x0000000080500000, 0x0000000080500000|100%|HC|  |TAMS 0x0000000080500000, 0x0000000080400000| Complete 
|   5|0x0000000080500000, 0x0000000080600000, 0x0000000080600000|100%|HC|  |TAMS 0x0000000080600000, 0x0000000080500000| Complete 
|   6|0x0000000080600000, 0x0000000080700000, 0x0000000080700000|100%| O|  |TAMS 0x0000000080700000, 0x0000000080600000| Untracked 
|   7|0x0000000080700000, 0x0000000080800000, 0x0000000080800000|100%| O|  |TAMS 0x0000000080800000, 0x0000000080700000| Untracked 
|   8|0x0000000080800000, 0x0000000080900000, 0x0000000080900000|100%| O|  |TAMS 0x0000000080900000, 0x0000000080800000| Untracked 
|   9|0x0000000080900000, 0x0000000080a00000, 0x0000000080a00000|100%| O|  |TAMS 0x0000000080a00000, 0x0000000080900000| Untracked 
|  10|0x0000000080a00000, 0x0000000080b00000, 0x0000000080b00000|100%| O|  |TAMS 0x0000000080b00000, 0x0000000080a00000| Untracked 
|  11|0x0000000080b00000, 0x0000000080b48a00, 0x0000000080c00000| 28%| O|  |TAMS 0x0000000080b48a00, 0x0000000080b00000| Untracked 
|  12|0x0000000080c00000, 0x0000000080d00000, 0x0000000080d00000|100%| O|  |TAMS 0x0000000080d00000, 0x0000000080c00000| Untracked 
|  13|0x0000000080d00000, 0x0000000080e00000, 0x0000000080e00000|100%| O|  |TAMS 0x0000000080e00000, 0x0000000080d00000| Untracked 
|  14|0x0000000080e00000, 0x0000000080f00000, 0x0000000080f00000|100%| O|  |TAMS 0x0000000080f00000, 0x0000000080e00000| Untracked 
|  15|0x0000000080f00000, 0x0000000081000000, 0x0000000081000000|100%| O|  |TAMS 0x0000000081000000, 0x0000000080f00000| Untracked 
|  16|0x0000000081000000, 0x0000000081100000, 0x0000000081100000|100%| O|  |TAMS 0x0000000081100000, 0x0000000081000000| Untracked 
|  17|0x0000000081100000, 0x0000000081200000, 0x0000000081200000|100%| O|  |TAMS 0x0000000081200000, 0x0000000081100000| Untracked 
|  18|0x0000000081200000, 0x0000000081300000, 0x0000000081300000|100%| O|  |TAMS 0x0000000081300000, 0x0000000081200000| Untracked 
|  19|0x0000000081300000, 0x0000000081400000, 0x0000000081400000|100%|HS|  |TAMS 0x0000000081400000, 0x0000000081300000| Complete 
|  20|0x0000000081400000, 0x0000000081500000, 0x0000000081500000|100%|HC|  |TAMS 0x0000000081500000, 0x0000000081400000| Complete 
|  21|0x0000000081500000, 0x0000000081600000, 0x0000000081600000|100%|HC|  |TAMS 0x0000000081600000, 0x0000000081500000| Complete 
|  22|0x0000000081600000, 0x0000000081700000, 0x0000000081700000|100%|HC|  |TAMS 0x0000000081700000, 0x0000000081600000| Complete 
|  23|0x0000000081700000, 0x0000000081800000, 0x0000000081800000|100%|HC|  |TAMS 0x0000000081800000, 0x0000000081700000| Complete 
|  24|0x0000000081800000, 0x0000000081900000, 0x0000000081900000|100%|HS|  |TAMS 0x0000000081900000, 0x0000000081800000| Complete 
|  25|0x0000000081900000, 0x0000000081a00000, 0x0000000081a00000|100%| O|  |TAMS 0x0000000081a00000, 0x0000000081900000| Untracked 
|  26|0x0000000081a00000, 0x0000000081b00000, 0x0000000081b00000|100%| O|  |TAMS 0x0000000081b00000, 0x0000000081a00000| Untracked 
|  27|0x0000000081b00000, 0x0000000081c00000, 0x0000000081c00000|100%| O|  |TAMS 0x0000000081c00000, 0x0000000081b00000| Untracked 
|  28|0x0000000081c00000, 0x0000000081d00000, 0x0000000081d00000|100%|HS|  |TAMS 0x0000000081d00000, 0x0000000081c00000| Complete 
|  29|0x0000000081d00000, 0x0000000081e00000, 0x0000000081e00000|100%|HC|  |TAMS 0x0000000081e00000, 0x0000000081d00000| Complete 
|  30|0x0000000081e00000, 0x0000000081f00000, 0x0000000081f00000|100%|HC|  |TAMS 0x0000000081f00000, 0x0000000081e00000| Complete 
|  31|0x0000000081f00000, 0x0000000082000000, 0x0000000082000000|100%|HS|  |TAMS 0x0000000082000000, 0x0000000081f00000| Complete 
|  32|0x0000000082000000, 0x0000000082100000, 0x0000000082100000|100%|HC|  |TAMS 0x0000000082100000, 0x0000000082000000| Complete 
|  33|0x0000000082100000, 0x0000000082200000, 0x0000000082200000|100%|HC|  |TAMS 0x0000000082200000, 0x0000000082100000| Complete 
|  34|0x0000000082200000, 0x0000000082300000, 0x0000000082300000|100%| O|  |TAMS 0x0000000082300000, 0x0000000082200000| Untracked 
|  35|0x0000000082300000, 0x0000000082400000, 0x0000000082400000|100%| O|  |TAMS 0x0000000082400000, 0x0000000082300000| Untracked 
|  36|0x0000000082400000, 0x0000000082500000, 0x0000000082500000|100%| O|  |TAMS 0x0000000082500000, 0x0000000082400000| Untracked 
|  37|0x0000000082500000, 0x0000000082600000, 0x0000000082600000|100%| O|  |TAMS 0x0000000082600000, 0x0000000082500000| Untracked 
|  38|0x0000000082600000, 0x0000000082700000, 0x0000000082700000|100%| O|  |TAMS 0x0000000082641c00, 0x0000000082600000| Untracked 
|  39|0x0000000082700000, 0x0000000082800000, 0x0000000082800000|100%| O|  |TAMS 0x0000000082700000, 0x0000000082700000| Untracked 
|  40|0x0000000082800000, 0x0000000082900000, 0x0000000082900000|100%| O|  |TAMS 0x0000000082800000, 0x0000000082800000| Untracked 
|  41|0x0000000082900000, 0x00000000829a0800, 0x0000000082a00000| 62%| O|  |TAMS 0x0000000082900000, 0x0000000082900000| Untracked 
|  42|0x0000000082a00000, 0x0000000082a00000, 0x0000000082b00000|  0%| F|  |TAMS 0x0000000082a00000, 0x0000000082a00000| Untracked 
|  43|0x0000000082b00000, 0x0000000082b00000, 0x0000000082c00000|  0%| F|  |TAMS 0x0000000082b00000, 0x0000000082b00000| Untracked 
|  44|0x0000000082c00000, 0x0000000082c00000, 0x0000000082d00000|  0%| F|  |TAMS 0x0000000082c00000, 0x0000000082c00000| Untracked 
|  45|0x0000000082d00000, 0x0000000082d00000, 0x0000000082e00000|  0%| F|  |TAMS 0x0000000082d00000, 0x0000000082d00000| Untracked 
|  46|0x0000000082e00000, 0x0000000082e00000, 0x0000000082f00000|  0%| F|  |TAMS 0x0000000082e00000, 0x0000000082e00000| Untracked 
|  47|0x0000000082f00000, 0x0000000082f00000, 0x0000000083000000|  0%| F|  |TAMS 0x0000000082f00000, 0x0000000082f00000| Untracked 
|  48|0x0000000083000000, 0x0000000083000000, 0x0000000083100000|  0%| F|  |TAMS 0x0000000083000000, 0x0000000083000000| Untracked 
|  49|0x0000000083100000, 0x0000000083100000, 0x0000000083200000|  0%| F|  |TAMS 0x0000000083100000, 0x0000000083100000| Untracked 
|  50|0x0000000083200000, 0x0000000083200000, 0x0000000083300000|  0%| F|  |TAMS 0x0000000083200000, 0x0000000083200000| Untracked 
|  51|0x0000000083300000, 0x0000000083300000, 0x0000000083400000|  0%| F|  |TAMS 0x0000000083300000, 0x0000000083300000| Untracked 
|  52|0x0000000083400000, 0x0000000083400000, 0x0000000083500000|  0%| F|  |TAMS 0x0000000083400000, 0x0000000083400000| Untracked 
|  53|0x0000000083500000, 0x000000008354c090, 0x0000000083600000| 29%| S|CS|TAMS 0x0000000083500000, 0x0000000083500000| Complete 
|  54|0x0000000083600000, 0x0000000083600000, 0x0000000083700000|  0%| F|  |TAMS 0x0000000083600000, 0x0000000083600000| Untracked 
|  55|0x0000000083700000, 0x0000000083700000, 0x0000000083800000|  0%| F|  |TAMS 0x0000000083700000, 0x0000000083700000| Untracked 
|  56|0x0000000083800000, 0x0000000083800000, 0x0000000083900000|  0%| F|  |TAMS 0x0000000083800000, 0x0000000083800000| Untracked 
|  57|0x0000000083900000, 0x0000000083900000, 0x0000000083a00000|  0%| F|  |TAMS 0x0000000083900000, 0x0000000083900000| Untracked 
|  58|0x0000000083a00000, 0x0000000083b00000, 0x0000000083b00000|100%| S|CS|TAMS 0x0000000083a00000, 0x0000000083a00000| Complete 
|  59|0x0000000083b00000, 0x0000000083c00000, 0x0000000083c00000|100%| S|CS|TAMS 0x0000000083b00000, 0x0000000083b00000| Complete 
|  60|0x0000000083c00000, 0x0000000083c00000, 0x0000000083d00000|  0%| F|  |TAMS 0x0000000083c00000, 0x0000000083c00000| Untracked 
|  61|0x0000000083d00000, 0x0000000083d00000, 0x0000000083e00000|  0%| F|  |TAMS 0x0000000083d00000, 0x0000000083d00000| Untracked 
|  62|0x0000000083e00000, 0x0000000083e00000, 0x0000000083f00000|  0%| F|  |TAMS 0x0000000083e00000, 0x0000000083e00000| Untracked 
|  63|0x0000000083f00000, 0x0000000083f00000, 0x0000000084000000|  0%| F|  |TAMS 0x0000000083f00000, 0x0000000083f00000| Untracked 
|  64|0x0000000084000000, 0x0000000084000000, 0x0000000084100000|  0%| F|  |TAMS 0x0000000084000000, 0x0000000084000000| Untracked 
|  65|0x0000000084100000, 0x0000000084100000, 0x0000000084200000|  0%| F|  |TAMS 0x0000000084100000, 0x0000000084100000| Untracked 
|  66|0x0000000084200000, 0x0000000084200000, 0x0000000084300000|  0%| F|  |TAMS 0x0000000084200000, 0x0000000084200000| Untracked 
|  67|0x0000000084300000, 0x0000000084300000, 0x0000000084400000|  0%| F|  |TAMS 0x0000000084300000, 0x0000000084300000| Untracked 
|  68|0x0000000084400000, 0x0000000084400000, 0x0000000084500000|  0%| F|  |TAMS 0x0000000084400000, 0x0000000084400000| Untracked 
|  69|0x0000000084500000, 0x0000000084500000, 0x0000000084600000|  0%| F|  |TAMS 0x0000000084500000, 0x0000000084500000| Untracked 
|  70|0x0000000084600000, 0x0000000084600000, 0x0000000084700000|  0%| F|  |TAMS 0x0000000084600000, 0x0000000084600000| Untracked 
|  71|0x0000000084700000, 0x0000000084700000, 0x0000000084800000|  0%| F|  |TAMS 0x0000000084700000, 0x0000000084700000| Untracked 
|  72|0x0000000084800000, 0x0000000084800000, 0x0000000084900000|  0%| F|  |TAMS 0x0000000084800000, 0x0000000084800000| Untracked 
|  73|0x0000000084900000, 0x0000000084900000, 0x0000000084a00000|  0%| F|  |TAMS 0x0000000084900000, 0x0000000084900000| Untracked 
| 208|0x000000008d000000, 0x000000008d000000, 0x000000008d100000|  0%| F|  |TAMS 0x000000008d000000, 0x000000008d000000| Untracked 
| 209|0x000000008d100000, 0x000000008d100000, 0x000000008d200000|  0%| F|  |TAMS 0x000000008d100000, 0x000000008d100000| Untracked 
| 210|0x000000008d200000, 0x000000008d200000, 0x000000008d300000|  0%| F|  |TAMS 0x000000008d200000, 0x000000008d200000| Untracked 
| 211|0x000000008d300000, 0x000000008d300000, 0x000000008d400000|  0%| F|  |TAMS 0x000000008d300000, 0x000000008d300000| Untracked 
| 212|0x000000008d400000, 0x000000008d400000, 0x000000008d500000|  0%| F|  |TAMS 0x000000008d400000, 0x000000008d400000| Untracked 
| 213|0x000000008d500000, 0x000000008d500000, 0x000000008d600000|  0%| F|  |TAMS 0x000000008d500000, 0x000000008d500000| Untracked 
| 214|0x000000008d600000, 0x000000008d6749f0, 0x000000008d700000| 45%| E|  |TAMS 0x000000008d600000, 0x000000008d600000| Complete 
| 215|0x000000008d700000, 0x000000008d800000, 0x000000008d800000|100%| E|CS|TAMS 0x000000008d700000, 0x000000008d700000| Complete 
| 216|0x000000008d800000, 0x000000008d900000, 0x000000008d900000|100%| E|CS|TAMS 0x000000008d800000, 0x000000008d800000| Complete 
| 255|0x000000008ff00000, 0x0000000090000000, 0x0000000090000000|100%| E|CS|TAMS 0x000000008ff00000, 0x000000008ff00000| Complete 

Card table byte_map: [0x000001d4b8e20000,0x000001d4b9220000] _byte_map_base: 0x000001d4b8a20000

Marking Bits (Prev, Next): (CMBitMap*) 0x000001d4a659a470, (CMBitMap*) 0x000001d4a659a4b0
 Prev Bits: [0x000001d4b9620000, 0x000001d4bb620000)
 Next Bits: [0x000001d4bb620000, 0x000001d4bd620000)

Polling page: 0x000001d4a44b0000

Metaspace:

Usage:
  Non-class:     38.09 MB used.
      Class:      5.99 MB used.
       Both:     44.08 MB used.

Virtual space:
  Non-class space:       64.00 MB reserved,      38.31 MB ( 60%) committed,  1 nodes.
      Class space:        1.00 GB reserved,       6.12 MB ( <1%) committed,  1 nodes.
             Both:        1.06 GB reserved,      44.44 MB (  4%) committed. 

Chunk freelists:
   Non-Class:  9.17 MB
       Class:  9.88 MB
        Both:  19.05 MB

MaxMetaspaceSize: unlimited
CompressedClassSpaceSize: 1.00 GB
Initial GC threshold: 21.00 MB
Current GC threshold: 73.56 MB
CDS: off
MetaspaceReclaimPolicy: balanced
 - commit_granule_bytes: 65536.
 - commit_granule_words: 8192.
 - virtual_space_node_default_size: 8388608.
 - enlarge_chunks_in_place: 1.
 - new_chunks_are_fully_committed: 0.
 - uncommit_free_chunks: 1.
 - use_allocation_guard: 0.
 - handle_deallocations: 1.


Internal statistics:

num_allocs_failed_limit: 3.
num_arena_births: 420.
num_arena_deaths: 6.
num_vsnodes_births: 2.
num_vsnodes_deaths: 0.
num_space_committed: 711.
num_space_uncommitted: 0.
num_chunks_returned_to_freelist: 10.
num_chunks_taken_from_freelist: 1823.
num_chunk_merges: 0.
num_chunk_splits: 1190.
num_chunks_enlarged: 840.
num_inconsistent_stats: 0.

CodeHeap 'non-profiled nmethods': size=120000Kb used=2210Kb max_used=2210Kb free=117789Kb
 bounds [0x000001d4b14f0000, 0x000001d4b1760000, 0x000001d4b8a20000]
CodeHeap 'profiled nmethods': size=120000Kb used=8187Kb max_used=8187Kb free=111812Kb
 bounds [0x000001d4a9a20000, 0x000001d4aa220000, 0x000001d4b0f50000]
CodeHeap 'non-nmethods': size=5760Kb used=1604Kb max_used=1668Kb free=4155Kb
 bounds [0x000001d4b0f50000, 0x000001d4b11c0000, 0x000001d4b14f0000]
 total_blobs=4843 nmethods=4168 adapters=587
 compilation: enabled
              stopped_count=0, restarted_count=0
 full_count=0

Compilation events (20 events):
Event: 9.558 Thread 0x000001d4c407a5f0 3858       2       jdk.internal.math.FDBigInteger::<init> (30 bytes)
Event: 9.558 Thread 0x000001d4c407a5f0 nmethod 3858 0x000001d4aa182690 code [0x000001d4aa182840, 0x000001d4aa1829c8]
Event: 9.558 Thread 0x000001d4c407a5f0 3859       2       jdk.internal.math.FDBigInteger::trimLeadingZeros (57 bytes)
Event: 9.558 Thread 0x000001d4c407a5f0 nmethod 3859 0x000001d4aa182a90 code [0x000001d4aa182c20, 0x000001d4aa182df8]
Event: 9.698 Thread 0x000001d4c407a5f0 3860  s    2       java.io.ByteArrayOutputStream::toByteArray (12 bytes)
Event: 9.698 Thread 0x000001d4c407a5f0 nmethod 3860 0x000001d4aa182f10 code [0x000001d4aa1830c0, 0x000001d4aa183288]
Event: 9.698 Thread 0x000001d4c407a5f0 3861       2       java.io.File::equals (28 bytes)
Event: 9.698 Thread 0x000001d4c407a5f0 nmethod 3861 0x000001d4aa183390 code [0x000001d4aa183540, 0x000001d4aa183748]
Event: 9.698 Thread 0x000001d4c407a5f0 3862       2       java.lang.String$CaseInsensitiveComparator::compare (68 bytes)
Event: 9.699 Thread 0x000001d4c407a5f0 nmethod 3862 0x000001d4aa183890 code [0x000001d4aa183a60, 0x000001d4aa183c98]
Event: 9.703 Thread 0x000001d4c407a5f0 3863       2       org.objectweb.asm.Type::appendDescriptor (185 bytes)
Event: 9.703 Thread 0x000001d4c407a5f0 nmethod 3863 0x000001d4aa183e10 code [0x000001d4aa184040, 0x000001d4aa184538]
Event: 9.712 Thread 0x000001d4c407a5f0 3864       2       java.util.ImmutableCollections$List12::<init> (20 bytes)
Event: 9.712 Thread 0x000001d4c407a5f0 nmethod 3864 0x000001d4aa184890 code [0x000001d4aa184a40, 0x000001d4aa184cc8]
Event: 9.743 Thread 0x000001d4c407a5f0 3865       2       org.gradle.internal.logging.slf4j.OutputEventListenerBackedLogger::isLevelAtMost (20 bytes)
Event: 9.743 Thread 0x000001d4c407a5f0 nmethod 3865 0x000001d4aa184d90 code [0x000001d4aa184f40, 0x000001d4aa1850c8]
Event: 9.743 Thread 0x000001d4c407a5f0 3866       2       org.gradle.internal.logging.slf4j.OutputEventListenerBackedLoggerContext::getLevel (11 bytes)
Event: 9.743 Thread 0x000001d4c407a5f0 nmethod 3866 0x000001d4aa185210 code [0x000001d4aa1853a0, 0x000001d4aa1854d8]
Event: 9.751 Thread 0x000001d4c679f7d0 nmethod 3557 0x000001d4b16e9a10 code [0x000001d4b16ea100, 0x000001d4b16f3e38]
Event: 9.752 Thread 0x000001d4c679f7d0 3824       4       groovyjarjarantlr4.v4.runtime.atn.PredictionContext::join (569 bytes)

GC Heap History (20 events):
Event: 0.350 GC heap before
{Heap before GC invocations=0 (full 0):
 garbage-first heap   total 262144K, used 13312K [0x0000000080000000, 0x0000000100000000)
  region size 1024K, 13 young (13312K), 0 survivors (0K)
 Metaspace       used 7117K, committed 7296K, reserved 1114112K
  class space    used 612K, committed 704K, reserved 1048576K
}
Event: 0.352 GC heap after
{Heap after GC invocations=1 (full 0):
 garbage-first heap   total 262144K, used 4073K [0x0000000080000000, 0x0000000100000000)
  region size 1024K, 2 young (2048K), 2 survivors (2048K)
 Metaspace       used 7117K, committed 7296K, reserved 1114112K
  class space    used 612K, committed 704K, reserved 1048576K
}
Event: 0.814 GC heap before
{Heap before GC invocations=1 (full 0):
 garbage-first heap   total 262144K, used 22505K [0x0000000080000000, 0x0000000100000000)
  region size 1024K, 17 young (17408K), 2 survivors (2048K)
 Metaspace       used 11128K, committed 11328K, reserved 1114112K
  class space    used 1165K, committed 1280K, reserved 1048576K
}
Event: 0.817 GC heap after
{Heap after GC invocations=2 (full 0):
 garbage-first heap   total 262144K, used 10654K [0x0000000080000000, 0x0000000100000000)
  region size 1024K, 3 young (3072K), 3 survivors (3072K)
 Metaspace       used 11128K, committed 11328K, reserved 1114112K
  class space    used 1165K, committed 1280K, reserved 1048576K
}
Event: 1.074 GC heap before
{Heap before GC invocations=2 (full 0):
 garbage-first heap   total 262144K, used 33182K [0x0000000080000000, 0x0000000100000000)
  region size 1024K, 25 young (25600K), 3 survivors (3072K)
 Metaspace       used 11254K, committed 11456K, reserved 1114112K
  class space    used 1166K, committed 1280K, reserved 1048576K
}
Event: 1.077 GC heap after
{Heap after GC invocations=3 (full 0):
 garbage-first heap   total 262144K, used 13411K [0x0000000080000000, 0x0000000100000000)
  region size 1024K, 3 young (3072K), 3 survivors (3072K)
 Metaspace       used 11254K, committed 11456K, reserved 1114112K
  class space    used 1166K, committed 1280K, reserved 1048576K
}
Event: 1.946 GC heap before
{Heap before GC invocations=3 (full 0):
 garbage-first heap   total 262144K, used 49251K [0x0000000080000000, 0x0000000100000000)
  region size 1024K, 39 young (39936K), 3 survivors (3072K)
 Metaspace       used 21309K, committed 21504K, reserved 1114112K
  class space    used 2533K, committed 2624K, reserved 1048576K
}
Event: 1.951 GC heap after
{Heap after GC invocations=4 (full 0):
 garbage-first heap   total 262144K, used 18957K [0x0000000080000000, 0x0000000100000000)
  region size 1024K, 9 young (9216K), 9 survivors (9216K)
 Metaspace       used 21309K, committed 21504K, reserved 1114112K
  class space    used 2533K, committed 2624K, reserved 1048576K
}
Event: 2.473 GC heap before
{Heap before GC invocations=5 (full 0):
 garbage-first heap   total 71680K, used 51725K [0x0000000080000000, 0x0000000100000000)
  region size 1024K, 42 young (43008K), 9 survivors (9216K)
 Metaspace       used 26643K, committed 26944K, reserved 1114112K
  class space    used 3476K, committed 3584K, reserved 1048576K
}
Event: 2.480 GC heap after
{Heap after GC invocations=6 (full 0):
 garbage-first heap   total 71680K, used 20907K [0x0000000080000000, 0x0000000100000000)
  region size 1024K, 3 young (3072K), 3 survivors (3072K)
 Metaspace       used 26643K, committed 26944K, reserved 1114112K
  class space    used 3476K, committed 3584K, reserved 1048576K
}
Event: 8.473 GC heap before
{Heap before GC invocations=6 (full 0):
 garbage-first heap   total 71680K, used 58795K [0x0000000080000000, 0x0000000100000000)
  region size 1024K, 30 young (30720K), 3 survivors (3072K)
 Metaspace       used 30814K, committed 31168K, reserved 1114112K
  class space    used 4180K, committed 4288K, reserved 1048576K
}
Event: 8.477 GC heap after
{Heap after GC invocations=7 (full 0):
 garbage-first heap   total 71680K, used 38001K [0x0000000080000000, 0x0000000100000000)
  region size 1024K, 4 young (4096K), 4 survivors (4096K)
 Metaspace       used 30814K, committed 31168K, reserved 1114112K
  class space    used 4180K, committed 4288K, reserved 1048576K
}
Event: 8.808 GC heap before
{Heap before GC invocations=7 (full 0):
 garbage-first heap   total 71680K, used 53361K [0x0000000080000000, 0x0000000100000000)
  region size 1024K, 19 young (19456K), 4 survivors (4096K)
 Metaspace       used 32949K, committed 33280K, reserved 1114112K
  class space    used 4520K, committed 4672K, reserved 1048576K
}
Event: 8.811 GC heap after
{Heap after GC invocations=8 (full 0):
 garbage-first heap   total 71680K, used 38555K [0x0000000080000000, 0x0000000100000000)
  region size 1024K, 1 young (1024K), 1 survivors (1024K)
 Metaspace       used 32949K, committed 33280K, reserved 1114112K
  class space    used 4520K, committed 4672K, reserved 1048576K
}
Event: 9.008 GC heap before
{Heap before GC invocations=9 (full 0):
 garbage-first heap   total 71680K, used 53915K [0x0000000080000000, 0x0000000100000000)
  region size 1024K, 16 young (16384K), 1 survivors (1024K)
 Metaspace       used 35125K, committed 35456K, reserved 1114112K
  class space    used 4870K, committed 4992K, reserved 1048576K
}
Event: 9.011 GC heap after
{Heap after GC invocations=10 (full 0):
 garbage-first heap   total 71680K, used 39222K [0x0000000080000000, 0x0000000100000000)
  region size 1024K, 2 young (2048K), 2 survivors (2048K)
 Metaspace       used 35125K, committed 35456K, reserved 1114112K
  class space    used 4870K, committed 4992K, reserved 1048576K
}
Event: 9.234 GC heap before
{Heap before GC invocations=10 (full 0):
 garbage-first heap   total 71680K, used 54582K [0x0000000080000000, 0x0000000100000000)
  region size 1024K, 18 young (18432K), 2 survivors (2048K)
 Metaspace       used 38426K, committed 38784K, reserved 1114112K
  class space    used 5214K, committed 5376K, reserved 1048576K
}
Event: 9.238 GC heap after
{Heap after GC invocations=11 (full 0):
 garbage-first heap   total 86016K, used 40481K [0x0000000080000000, 0x0000000100000000)
  region size 1024K, 3 young (3072K), 3 survivors (3072K)
 Metaspace       used 38426K, committed 38784K, reserved 1114112K
  class space    used 5214K, committed 5376K, reserved 1048576K
}
Event: 9.460 GC heap before
{Heap before GC invocations=12 (full 0):
 garbage-first heap   total 86016K, used 66081K [0x0000000080000000, 0x0000000100000000)
  region size 1024K, 29 young (29696K), 3 survivors (3072K)
 Metaspace       used 40902K, committed 41280K, reserved 1114112K
  class space    used 5657K, committed 5824K, reserved 1048576K
}
Event: 9.465 GC heap after
{Heap after GC invocations=13 (full 0):
 garbage-first heap   total 86016K, used 41976K [0x0000000080000000, 0x0000000100000000)
  region size 1024K, 4 young (4096K), 4 survivors (4096K)
 Metaspace       used 40902K, committed 41280K, reserved 1114112K
  class space    used 5657K, committed 5824K, reserved 1048576K
}

Dll operation events (2 events):
Event: 0.006 Loaded shared library C:\Program Files\Android\Android Studio\jbr\bin\java.dll
Event: 0.327 Loaded shared library C:\Program Files\Android\Android Studio\jbr\bin\verify.dll

Deoptimization events (20 events):
Event: 9.494 Thread 0x000001d4c5e40840 Uncommon trap: trap_request=0xffffff45 fr.pc=0x000001d4b1699e54 relative=0x0000000000000774
Event: 9.494 Thread 0x000001d4c5e40840 Uncommon trap: reason=unstable_if action=reinterpret pc=0x000001d4b1699e54 method=java.util.HashMap.putVal(ILjava/lang/Object;Ljava/lang/Object;ZZ)Ljava/lang/Object; @ 109 c2
Event: 9.494 Thread 0x000001d4c5e40840 DEOPT PACKING pc=0x000001d4b1699e54 sp=0x0000005cbccf73b0
Event: 9.494 Thread 0x000001d4c5e40840 DEOPT UNPACKING pc=0x000001d4b0fa69a3 sp=0x0000005cbccf72c8 mode 2
Event: 9.494 Thread 0x000001d4c5e40840 Uncommon trap: trap_request=0xffffff45 fr.pc=0x000001d4b16972cc relative=0x00000000000006ec
Event: 9.494 Thread 0x000001d4c5e40840 Uncommon trap: reason=unstable_if action=reinterpret pc=0x000001d4b16972cc method=java.util.HashMap.putVal(ILjava/lang/Object;Ljava/lang/Object;ZZ)Ljava/lang/Object; @ 109 c2
Event: 9.494 Thread 0x000001d4c5e40840 DEOPT PACKING pc=0x000001d4b16972cc sp=0x0000005cbccf7300
Event: 9.494 Thread 0x000001d4c5e40840 DEOPT UNPACKING pc=0x000001d4b0fa69a3 sp=0x0000005cbccf72b8 mode 2
Event: 9.546 Thread 0x000001d4c5e40840 Uncommon trap: trap_request=0xffffff6e fr.pc=0x000001d4b15d97d8 relative=0x00000000000001b8
Event: 9.546 Thread 0x000001d4c5e40840 Uncommon trap: reason=loop_limit_check action=maybe_recompile pc=0x000001d4b15d97d8 method=java.lang.StringLatin1.lastIndexOf([BII)I @ 19 c2
Event: 9.546 Thread 0x000001d4c5e40840 DEOPT PACKING pc=0x000001d4b15d97d8 sp=0x0000005cbccf71c0
Event: 9.546 Thread 0x000001d4c5e40840 DEOPT UNPACKING pc=0x000001d4b0fa69a3 sp=0x0000005cbccf7078 mode 2
Event: 9.546 Thread 0x000001d4c5e40840 Uncommon trap: trap_request=0xffffff6e fr.pc=0x000001d4b1500f74 relative=0x0000000000000174
Event: 9.546 Thread 0x000001d4c5e40840 Uncommon trap: reason=loop_limit_check action=maybe_recompile pc=0x000001d4b1500f74 method=java.lang.StringLatin1.lastIndexOf([BII)I @ 19 c2
Event: 9.546 Thread 0x000001d4c5e40840 DEOPT PACKING pc=0x000001d4b1500f74 sp=0x0000005cbccf7160
Event: 9.546 Thread 0x000001d4c5e40840 DEOPT UNPACKING pc=0x000001d4b0fa69a3 sp=0x0000005cbccf70e0 mode 2
Event: 9.714 Thread 0x000001d4c5e40840 Uncommon trap: trap_request=0xffffffc6 fr.pc=0x000001d4b16ca4e4 relative=0x0000000000000264
Event: 9.714 Thread 0x000001d4c5e40840 Uncommon trap: reason=bimorphic_or_optimized_type_check action=maybe_recompile pc=0x000001d4b16ca4e4 method=java.util.stream.Sink$ChainedReference.cancellationRequested()Z @ 4 c2
Event: 9.714 Thread 0x000001d4c5e40840 DEOPT PACKING pc=0x000001d4b16ca4e4 sp=0x0000005cbccf7e10
Event: 9.714 Thread 0x000001d4c5e40840 DEOPT UNPACKING pc=0x000001d4b0fa69a3 sp=0x0000005cbccf7d40 mode 2

Classes unloaded (3 events):
Event: 8.829 Thread 0x000001d4c4028890 Unloading class 0x000000010041d800 'java/lang/invoke/LambdaForm$MH+0x000000010041d800'
Event: 8.829 Thread 0x000001d4c4028890 Unloading class 0x000000010041d000 'java/lang/invoke/LambdaForm$DMH+0x000000010041d000'
Event: 8.829 Thread 0x000001d4c4028890 Unloading class 0x000000010041c400 'java/lang/invoke/LambdaForm$DMH+0x000000010041c400'

Classes redefined (0 events):
No events

Internal exceptions (20 events):
Event: 8.456 Thread 0x000001d4c5e40840 Exception <a 'java/lang/NoSuchMethodError'{0x0000000082c91ff8}: 'java.lang.Object java.lang.invoke.DirectMethodHandle$Holder.newInvokeSpecial(java.lang.Object, java.lang.Object, int)'> (0x0000000082c91ff8) 
thrown [s\src\hotspot\share\interpreter\linkResolver.cpp, line 771]
Event: 8.577 Thread 0x000001d4c5e40840 Exception <a 'java/lang/NoSuchMethodError'{0x000000008d1ced08}: 'java.lang.Object java.lang.invoke.DirectMethodHandle$Holder.invokeSpecialIFC(java.lang.Object, java.lang.Object, java.lang.Object, java.lang.Object)'> (0x000000008d1ced08) 
thrown [s\src\hotspot\share\interpreter\linkResolver.cpp, line 771]
Event: 8.789 Thread 0x000001d4c5e40840 Implicit null exception at 0x000001d4b15d4b8c to 0x000001d4b15d4fd0
Event: 8.834 Thread 0x000001d4c5e40840 Exception <a 'java/lang/NoSuchMethodError'{0x000000008d8355d0}: 'java.lang.Object java.lang.invoke.DirectMethodHandle$Holder.invokeSpecial(java.lang.Object, java.lang.Object, java.lang.Object, java.lang.Object, java.lang.Object, java.lang.Object, java.lang.Object, java.lang.Object, java.lang.Object, java.lang.Object, java.lang.Object, java.lang.Object, java.lang.Object)'> (0x000000008d8355d0) 
thrown [s\src\hotspot\share\interpreter\linkResolver.cpp, line 771]
Event: 8.835 Thread 0x000001d4c5e40840 Exception <a 'java/lang/NoSuchMethodError'{0x000000008d846e70}: 'java.lang.Object java.lang.invoke.DirectMethodHandle$Holder.newInvokeSpecial(java.lang.Object, java.lang.Object, java.lang.Object, java.lang.Object, java.lang.Object, java.lang.Object, java.lang.Object, java.lang.Object, java.lang.Object, java.lang.Object, java.lang.Object)'> (0x000000008d846e70) 
thrown [s\src\hotspot\share\interpreter\linkResolver.cpp, line 771]
Event: 8.835 Thread 0x000001d4c5e40840 Exception <a 'java/lang/NoSuchMethodError'{0x000000008d84bf08}: 'java.lang.Object java.lang.invoke.Invokers$Holder.linkToTargetMethod(java.lang.Object, java.lang.Object, java.lang.Object, java.lang.Object, java.lang.Object, java.lang.Object, java.lang.Object, java.lang.Object, java.lang.Object, java.lang.Object, java.lang.Object)'> (0x000000008d84bf08) 
thrown [s\src\hotspot\share\interpreter\linkResolver.cpp, line 771]
Event: 8.840 Thread 0x000001d4c5e40840 Exception <a 'java/lang/NoSuchMethodError'{0x000000008d894140}: 'java.lang.Object java.lang.invoke.DirectMethodHandle$Holder.invokeSpecial(java.lang.Object, java.lang.Object, java.lang.Object, java.lang.Object, java.lang.Object, java.lang.Object, java.lang.Object, java.lang.Object, java.lang.Object, java.lang.Object, java.lang.Object, java.lang.Object, java.lang.Object, java.lang.Object)'> (0x000000008d894140) 
thrown [s\src\hotspot\share\interpreter\linkResolver.cpp, line 771]
Event: 8.840 Thread 0x000001d4c5e40840 Exception <a 'java/lang/NoSuchMethodError'{0x000000008d8a6768}: 'java.lang.Object java.lang.invoke.DirectMethodHandle$Holder.newInvokeSpecial(java.lang.Object, java.lang.Object, java.lang.Object, java.lang.Object, java.lang.Object, java.lang.Object, java.lang.Object, java.lang.Object, java.lang.Object, java.lang.Object, java.lang.Object, java.lang.Object)'> (0x000000008d8a6768) 
thrown [s\src\hotspot\share\interpreter\linkResolver.cpp, line 771]
Event: 8.841 Thread 0x000001d4c5e40840 Exception <a 'java/lang/NoSuchMethodError'{0x000000008d8ac100}: 'java.lang.Object java.lang.invoke.Invokers$Holder.linkToTargetMethod(java.lang.Object, java.lang.Object, java.lang.Object, java.lang.Object, java.lang.Object, java.lang.Object, java.lang.Object, java.lang.Object, java.lang.Object, java.lang.Object, java.lang.Object, java.lang.Object)'> (0x000000008d8ac100) 
thrown [s\src\hotspot\share\interpreter\linkResolver.cpp, line 771]
Event: 8.851 Thread 0x000001d4c5e40840 Exception <a 'java/lang/NoSuchMethodError'{0x000000008d74b9c8}: 'java.lang.Object java.lang.invoke.DirectMethodHandle$Holder.invokeStaticInit(java.lang.Object, java.lang.Object, java.lang.Object, java.lang.Object)'> (0x000000008d74b9c8) 
thrown [s\src\hotspot\share\interpreter\linkResolver.cpp, line 771]
Event: 8.963 Thread 0x000001d4c5e40840 Exception <a 'java/lang/NoSuchMethodError'{0x0000000083aab640}: 'java.lang.Object java.lang.invoke.DirectMethodHandle$Holder.newInvokeSpecial(java.lang.Object, java.lang.Object, java.lang.Object, java.lang.Object, java.lang.Object, java.lang.Object, java.lang.Object, java.lang.Object)'> (0x0000000083aab640) 
thrown [s\src\hotspot\share\interpreter\linkResolver.cpp, line 771]
Event: 8.963 Thread 0x000001d4c5e40840 Exception <a 'java/lang/NoSuchMethodError'{0x0000000083ab16c8}: 'java.lang.Object java.lang.invoke.Invokers$Holder.linkToTargetMethod(java.lang.Object, java.lang.Object, java.lang.Object, java.lang.Object, java.lang.Object, java.lang.Object, java.lang.Object, java.lang.Object)'> (0x0000000083ab16c8) 
thrown [s\src\hotspot\share\interpreter\linkResolver.cpp, line 771]
Event: 8.972 Thread 0x000001d4c5e40840 Exception <a 'java/lang/IncompatibleClassChangeError'{0x00000000839171b0}: Found class java.lang.Object, but interface was expected> (0x00000000839171b0) 
thrown [s\src\hotspot\share\interpreter\linkResolver.cpp, line 838]
Event: 9.112 Thread 0x000001d4c5e40840 Exception <a 'java/lang/NoSuchMethodError'{0x000000008d286cf8}: 'void java.lang.invoke.DirectMethodHandle$Holder.invokeStaticInit(java.lang.Object, java.lang.Object, java.lang.Object)'> (0x000000008d286cf8) 
thrown [s\src\hotspot\share\interpreter\linkResolver.cpp, line 771]
Event: 9.113 Thread 0x000001d4c5e40840 Exception <a 'java/lang/NoSuchMethodError'{0x000000008d28e440}: 'void java.lang.invoke.DirectMethodHandle$Holder.invokeStaticInit(java.lang.Object, java.lang.Object, java.lang.Object, java.lang.Object)'> (0x000000008d28e440) 
thrown [s\src\hotspot\share\interpreter\linkResolver.cpp, line 771]
Event: 9.114 Thread 0x000001d4c5e40840 Exception <a 'java/lang/NoSuchMethodError'{0x000000008d2b0c20}: 'void java.lang.invoke.DirectMethodHandle$Holder.invokeStaticInit(java.lang.Object, java.lang.Object, java.lang.Object, java.lang.Object, java.lang.Object)'> (0x000000008d2b0c20) 
thrown [s\src\hotspot\share\interpreter\linkResolver.cpp, line 771]
Event: 9.301 Thread 0x000001d4c5e40840 Exception <a 'java/lang/NoSuchMethodError'{0x00000000846b9ad0}: 'void java.lang.invoke.DirectMethodHandle$Holder.invokeVirtual(java.lang.Object, java.lang.Object)'> (0x00000000846b9ad0) 
thrown [s\src\hotspot\share\interpreter\linkResolver.cpp, line 771]
Event: 9.780 Thread 0x000001d4c633d9d0 Exception <a 'sun/nio/fs/WindowsException'{0x000000008d1fc960}> (0x000000008d1fc960) 
thrown [s\src\hotspot\share\prims\jni.cpp, line 517]
Event: 9.790 Thread 0x000001d4c633d9d0 Exception <a 'sun/nio/fs/WindowsException'{0x000000008d078558}> (0x000000008d078558) 
thrown [s\src\hotspot\share\prims\jni.cpp, line 517]
Event: 9.790 Thread 0x000001d4c633d9d0 Exception <a 'sun/nio/fs/WindowsException'{0x000000008d078768}> (0x000000008d078768) 
thrown [s\src\hotspot\share\prims\jni.cpp, line 517]

VM Operations (20 events):
Event: 9.256 Executing VM operation: G1PauseRemark
Event: 9.258 Executing VM operation: G1PauseRemark done
Event: 9.267 Executing VM operation: G1PauseCleanup
Event: 9.267 Executing VM operation: G1PauseCleanup done
Event: 9.391 Executing VM operation: HandshakeAllThreads
Event: 9.391 Executing VM operation: HandshakeAllThreads done
Event: 9.459 Executing VM operation: HandshakeAllThreads
Event: 9.460 Executing VM operation: HandshakeAllThreads done
Event: 9.460 Executing VM operation: G1CollectForAllocation
Event: 9.465 Executing VM operation: G1CollectForAllocation done
Event: 9.471 Executing VM operation: HandshakeAllThreads
Event: 9.471 Executing VM operation: HandshakeAllThreads done
Event: 9.488 Executing VM operation: HandshakeAllThreads
Event: 9.488 Executing VM operation: HandshakeAllThreads done
Event: 9.530 Executing VM operation: ICBufferFull
Event: 9.530 Executing VM operation: ICBufferFull done
Event: 9.697 Executing VM operation: HandshakeAllThreads
Event: 9.697 Executing VM operation: HandshakeAllThreads done
Event: 9.789 Executing VM operation: HandshakeAllThreads
Event: 9.789 Executing VM operation: HandshakeAllThreads done

Events (20 events):
Event: 9.557 loading class jdk/internal/math/FDBigInteger
Event: 9.557 loading class jdk/internal/math/FDBigInteger done
Event: 9.696 loading class sun/nio/cs/ISO_8859_1$Encoder
Event: 9.696 loading class sun/nio/cs/ISO_8859_1$Encoder done
Event: 9.697 loading class sun/nio/cs/Surrogate$Parser
Event: 9.697 loading class sun/nio/cs/Surrogate$Parser done
Event: 9.697 loading class sun/nio/cs/Surrogate
Event: 9.697 loading class sun/nio/cs/Surrogate done
Event: 9.702 loading class java/lang/Process
Event: 9.703 loading class java/lang/Process done
Event: 9.703 loading class java/lang/ProcessBuilder
Event: 9.703 loading class java/lang/ProcessBuilder done
Event: 9.784 loading class java/nio/charset/UnsupportedCharsetException
Event: 9.784 loading class java/nio/charset/UnsupportedCharsetException done
Event: 9.785 loading class java/util/zip/Deflater
Event: 9.786 loading class java/util/zip/Deflater done
Event: 9.786 loading class java/util/zip/Deflater$DeflaterZStreamRef
Event: 9.786 loading class java/util/zip/Deflater$DeflaterZStreamRef done
Event: 9.788 loading class java/nio/StringCharBuffer
Event: 9.788 loading class java/nio/StringCharBuffer done


Dynamic libraries:
0x00007ff739b60000 - 0x00007ff739b6a000 	C:\Program Files\Android\Android Studio\jbr\bin\java.exe
0x00007ffab8ef0000 - 0x00007ffab90e8000 	C:\WINDOWS\SYSTEM32\ntdll.dll
0x00007ffab7700000 - 0x00007ffab77c1000 	C:\WINDOWS\System32\KERNEL32.DLL
0x00007ffab66a0000 - 0x00007ffab6996000 	C:\WINDOWS\System32\KERNELBASE.dll
0x00007ffab6b90000 - 0x00007ffab6c90000 	C:\WINDOWS\System32\ucrtbase.dll
0x00007ffa97f60000 - 0x00007ffa97f77000 	C:\Program Files\Android\Android Studio\jbr\bin\jli.dll
0x00007ffab36f0000 - 0x00007ffab370b000 	C:\Program Files\Android\Android Studio\jbr\bin\VCRUNTIME140.dll
0x00007ffab8d00000 - 0x00007ffab8e9f000 	C:\WINDOWS\System32\USER32.dll
0x00007ffab5bc0000 - 0x00007ffab5e5a000 	C:\WINDOWS\WinSxS\amd64_microsoft.windows.common-controls_6595b64144ccf1df_6.0.19041.4355_none_60b8b9eb71f62e16\COMCTL32.dll
0x00007ffab8070000 - 0x00007ffab810e000 	C:\WINDOWS\System32\msvcrt.dll
0x00007ffab69a0000 - 0x00007ffab69c2000 	C:\WINDOWS\System32\win32u.dll
0x00007ffab7eb0000 - 0x00007ffab7edb000 	C:\WINDOWS\System32\GDI32.dll
0x00007ffab6a70000 - 0x00007ffab6b87000 	C:\WINDOWS\System32\gdi32full.dll
0x00007ffab69d0000 - 0x00007ffab6a6d000 	C:\WINDOWS\System32\msvcp_win.dll
0x00007ffab7e80000 - 0x00007ffab7eaf000 	C:\WINDOWS\System32\IMM32.DLL
0x00007ffab36e0000 - 0x00007ffab36ec000 	C:\Program Files\Android\Android Studio\jbr\bin\vcruntime140_1.dll
0x00007ffa9d1c0000 - 0x00007ffa9d24d000 	C:\Program Files\Android\Android Studio\jbr\bin\msvcp140.dll
0x00007ffa59bd0000 - 0x00007ffa5a853000 	C:\Program Files\Android\Android Studio\jbr\bin\server\jvm.dll
0x00007ffab7560000 - 0x00007ffab7610000 	C:\WINDOWS\System32\ADVAPI32.dll
0x00007ffab88f0000 - 0x00007ffab8990000 	C:\WINDOWS\System32\sechost.dll
0x00007ffab7ee0000 - 0x00007ffab8003000 	C:\WINDOWS\System32\RPCRT4.dll
0x00007ffab6c90000 - 0x00007ffab6cb7000 	C:\WINDOWS\System32\bcrypt.dll
0x00007ffab6340000 - 0x00007ffab638b000 	C:\WINDOWS\SYSTEM32\POWRPROF.dll
0x00007ffab3640000 - 0x00007ffab3649000 	C:\WINDOWS\SYSTEM32\WSOCK32.dll
0x00007ffaa6870000 - 0x00007ffaa6897000 	C:\WINDOWS\SYSTEM32\WINMM.dll
0x00007ffaaf9e0000 - 0x00007ffaaf9ea000 	C:\WINDOWS\SYSTEM32\VERSION.dll
0x00007ffab7690000 - 0x00007ffab76fb000 	C:\WINDOWS\System32\WS2_32.dll
0x00007ffab6320000 - 0x00007ffab6332000 	C:\WINDOWS\SYSTEM32\UMPDC.dll
0x00007ffab3d90000 - 0x00007ffab3da2000 	C:\WINDOWS\SYSTEM32\kernel.appcore.dll
0x00007ffab3630000 - 0x00007ffab363a000 	C:\Program Files\Android\Android Studio\jbr\bin\jimage.dll
0x00007ffab5f20000 - 0x00007ffab6104000 	C:\WINDOWS\SYSTEM32\DBGHELP.DLL
0x00007ffab5e60000 - 0x00007ffab5e94000 	C:\WINDOWS\SYSTEM32\dbgcore.DLL
0x00007ffab6e20000 - 0x00007ffab6ea2000 	C:\WINDOWS\System32\bcryptPrimitives.dll
0x00007ffa9d000000 - 0x00007ffa9d025000 	C:\Program Files\Android\Android Studio\jbr\bin\java.dll
0x00007ffab33b0000 - 0x00007ffab33c8000 	C:\Program Files\Android\Android Studio\jbr\bin\zip.dll
0x00007ffab8180000 - 0x00007ffab88ec000 	C:\WINDOWS\System32\SHELL32.dll
0x00007ffab3f90000 - 0x00007ffab472e000 	C:\WINDOWS\SYSTEM32\windows.storage.dll
0x00007ffab6f20000 - 0x00007ffab7273000 	C:\WINDOWS\System32\combase.dll
0x00007ffab56f0000 - 0x00007ffab571e000 	C:\WINDOWS\SYSTEM32\Wldp.dll
0x00007ffab8b00000 - 0x00007ffab8bcd000 	C:\WINDOWS\System32\OLEAUT32.dll
0x00007ffab8a50000 - 0x00007ffab8afd000 	C:\WINDOWS\System32\SHCORE.dll
0x00007ffab8010000 - 0x00007ffab8065000 	C:\WINDOWS\System32\shlwapi.dll
0x00007ffab64d0000 - 0x00007ffab64f4000 	C:\WINDOWS\SYSTEM32\profapi.dll
0x00007ffab2e70000 - 0x00007ffab2e89000 	C:\Program Files\Android\Android Studio\jbr\bin\net.dll
0x00007ffaadab0000 - 0x00007ffaadbba000 	C:\WINDOWS\SYSTEM32\WINHTTP.dll
0x00007ffab5560000 - 0x00007ffab55ca000 	C:\WINDOWS\system32\mswsock.dll
0x00007ffab0ed0000 - 0x00007ffab0ee6000 	C:\Program Files\Android\Android Studio\jbr\bin\nio.dll
0x00007ffa9dad0000 - 0x00007ffa9dae0000 	C:\Program Files\Android\Android Studio\jbr\bin\verify.dll
0x00007ffab0fb0000 - 0x00007ffab0fd7000 	C:\Users\Gilmys\.gradle\native\68d5fa5c4cc2d200863cafc0d521ce42e7d3e7ee720ec0a83991735586a16f82\windows-amd64\native-platform.dll
0x00007ffa9d070000 - 0x00007ffa9d1b4000 	C:\Users\Gilmys\.gradle\native\e376f236ea51e6404a007f0833ffe2c6e607c4080706a723a18a27aeea778392\windows-amd64\native-platform-file-events.dll
0x00007ffaa23f0000 - 0x00007ffaa23f9000 	C:\Program Files\Android\Android Studio\jbr\bin\management.dll
0x00007ffa9f210000 - 0x00007ffa9f21b000 	C:\Program Files\Android\Android Studio\jbr\bin\management_ext.dll
0x00007ffab8170000 - 0x00007ffab8178000 	C:\WINDOWS\System32\PSAPI.DLL
0x00007ffab6230000 - 0x00007ffab6248000 	C:\WINDOWS\SYSTEM32\CRYPTSP.dll
0x00007ffab4f00000 - 0x00007ffab4f34000 	C:\WINDOWS\system32\rsaenh.dll
0x00007ffab6480000 - 0x00007ffab64ae000 	C:\WINDOWS\SYSTEM32\USERENV.dll
0x00007ffab5720000 - 0x00007ffab572c000 	C:\WINDOWS\SYSTEM32\CRYPTBASE.dll
0x00007ffab5260000 - 0x00007ffab529b000 	C:\WINDOWS\SYSTEM32\IPHLPAPI.DLL
0x00007ffab8ea0000 - 0x00007ffab8ea8000 	C:\WINDOWS\System32\NSI.dll
0x00007ffaae5f0000 - 0x00007ffaae607000 	C:\WINDOWS\SYSTEM32\dhcpcsvc6.DLL
0x00007ffaae5d0000 - 0x00007ffaae5ed000 	C:\WINDOWS\SYSTEM32\dhcpcsvc.DLL
0x00007ffab52a0000 - 0x00007ffab536a000 	C:\WINDOWS\SYSTEM32\DNSAPI.dll
0x00007ffab34e0000 - 0x00007ffab34e9000 	C:\Program Files\Android\Android Studio\jbr\bin\extnet.dll
0x00007ffaaf380000 - 0x00007ffaaf387000 	C:\WINDOWS\system32\wshunix.dll
0x00007ffab61f0000 - 0x00007ffab6223000 	C:\WINDOWS\SYSTEM32\ntmarta.dll

dbghelp: loaded successfully - version: 4.0.5 - missing functions: none
symbol engine: initialized successfully - sym options: 0x614 - pdb path: .;C:\Program Files\Android\Android Studio\jbr\bin;C:\WINDOWS\SYSTEM32;C:\WINDOWS\WinSxS\amd64_microsoft.windows.common-controls_6595b64144ccf1df_6.0.19041.4355_none_60b8b9eb71f62e16;C:\Program Files\Android\Android Studio\jbr\bin\server;C:\Users\Gilmys\.gradle\native\68d5fa5c4cc2d200863cafc0d521ce42e7d3e7ee720ec0a83991735586a16f82\windows-amd64;C:\Users\Gilmys\.gradle\native\e376f236ea51e6404a007f0833ffe2c6e607c4080706a723a18a27aeea778392\windows-amd64

VM Arguments:
jvm_args: --add-opens=java.base/java.util=ALL-UNNAMED --add-opens=java.base/java.lang=ALL-UNNAMED --add-opens=java.base/java.lang.invoke=ALL-UNNAMED --add-opens=java.prefs/java.util.prefs=ALL-UNNAMED --add-opens=java.base/java.nio.charset=ALL-UNNAMED --add-opens=java.base/java.net=ALL-UNNAMED --add-opens=java.base/java.util.concurrent.atomic=ALL-UNNAMED -Xmx2048m -Dfile.encoding=UTF-8 -Duser.country=ES -Duser.language=es -Duser.variant 
java_command: org.gradle.launcher.daemon.bootstrap.GradleDaemon 8.0
java_class_path (initial): C:\Users\Gilmys\.gradle\wrapper\dists\gradle-8.0-bin\ca5e32bp14vu59qr306oxotwh\gradle-8.0\lib\gradle-launcher-8.0.jar
Launcher Type: SUN_STANDARD

[Global flags]
     intx CICompilerCount                          = 3                                         {product} {ergonomic}
     uint ConcGCThreads                            = 1                                         {product} {ergonomic}
     uint G1ConcRefinementThreads                  = 4                                         {product} {ergonomic}
   size_t G1HeapRegionSize                         = 1048576                                   {product} {ergonomic}
    uintx GCDrainStackTargetSize                   = 64                                        {product} {ergonomic}
   size_t InitialHeapSize                          = 268435456                                 {product} {ergonomic}
   size_t MarkStackSize                            = 4194304                                   {product} {ergonomic}
   size_t MaxHeapSize                              = 2147483648                                {product} {command line}
   size_t MaxNewSize                               = 1287651328                                {product} {ergonomic}
   size_t MinHeapDeltaBytes                        = 1048576                                   {product} {ergonomic}
   size_t MinHeapSize                              = 8388608                                   {product} {ergonomic}
    uintx NonNMethodCodeHeapSize                   = 5832780                                {pd product} {ergonomic}
    uintx NonProfiledCodeHeapSize                  = 122912730                              {pd product} {ergonomic}
    uintx ProfiledCodeHeapSize                     = 122912730                              {pd product} {ergonomic}
    uintx ReservedCodeCacheSize                    = 251658240                              {pd product} {ergonomic}
     bool SegmentedCodeCache                       = true                                      {product} {ergonomic}
   size_t SoftMaxHeapSize                          = 2147483648                             {manageable} {ergonomic}
     bool UseCompressedClassPointers               = true                           {product lp64_product} {ergonomic}
     bool UseCompressedOops                        = true                           {product lp64_product} {ergonomic}
     bool UseG1GC                                  = true                                      {product} {ergonomic}
     bool UseLargePagesIndividualAllocation        = false                                  {pd product} {ergonomic}

Logging:
Log output configuration:
 #0: stdout all=warning uptime,level,tags
 #1: stderr all=off uptime,level,tags

Environment Variables:
PATH=C:\Program Files\Eclipse Adoptium\jre-17.0.8.101-hotspot\bin;C:\Program Files (x86)\Common Files\Oracle\Java\java8path;C:\Program Files (x86)\Common Files\Oracle\Java\javapath;C:\WINDOWS\system32;C:\WINDOWS;C:\WINDOWS\System32\Wbem;C:\WINDOWS\System32\WindowsPowerShell\v1.0\;C:\WINDOWS\System32\OpenSSH\;C:\Program Files\Git\cmd;C:\Program Files\dotnet\;C:\Program Files\nodejs\;C:\Program Files\RedHat\java-1.8.0-openjdk-1.8.0.412-1\bin;C:\Program Files\RedHat\java-1.8.0-openjdk-1.8.0.412-1\jre\bin;C:\Program Files\Docker\Docker\resources\bin;C:\Program Files\Git\usr\bin;C:\flutter\flutter\bin;C:\Program Files\OpenSSL-Win64\bin;C:\Users\Gilmys\AppData\Local\Programs\Python\Python311\;C:\Users\Gilmys\.console-ninja\.bin;C:\Users\Gilmys\AppData\Local\Microsoft\WindowsApps;C:\Users\Gilmys\AppData\Local\Programs\Microsoft VS Code\bin;C:\Users\Gilmys\AppData\Roaming\npm;C:\flutter\flutter\bin;
USERNAME=Gilmys
OS=Windows_NT
PROCESSOR_IDENTIFIER=Intel64 Family 6 Model 158 Stepping 9, GenuineIntel
TMP=C:\Users\Gilmys\AppData\Local\Temp
TEMP=C:\Users\Gilmys\AppData\Local\Temp



Periodic native trim disabled

JNI global refs:
JNI global refs: 24, weak refs: 0

JNI global refs memory usage: 843, weak refs: 841

OOME stack traces (most recent first):
Classloader memory used:
Loader org.gradle.internal.classloader.VisitableURLClassLoader                         : 2915K
Loader bootstrap                                                                       : 2126K
Loader org.gradle.initialization.MixInLegacyTypesClassLoader                           : 431K
Loader org.gradle.internal.classloader.VisitableURLClassLoader                         : 79720B
Loader jdk.internal.loader.ClassLoaders$PlatformClassLoader                            : 53085B
Loader jdk.internal.loader.ClassLoaders$AppClassLoader                                 : 26051B
Loader jdk.internal.reflect.DelegatingClassLoader                                      : 23249B
Loader groovy.lang.GroovyClassLoader$InnerLoader                                       : 914B

Classes loaded by more than one classloader:
Class org.gradle.api.GradleException                                                  : loaded 3 times (x 80B)
Class org.gradle.util.GradleVersion                                                   : loaded 2 times (x 81B)
Class org.gradle.internal.classpath.ClassPath                                         : loaded 2 times (x 68B)
Class org.gradle.api.internal.classpath.DefaultModuleRegistry                         : loaded 2 times (x 84B)
Class org.gradle.api.Action                                                           : loaded 2 times (x 68B)
Class org.gradle.api.internal.DefaultClassPathProvider                                : loaded 2 times (x 74B)
Class org.gradle.internal.installation.GradleInstallation$1                           : loaded 2 times (x 73B)
Class org.gradle.internal.exceptions.DefaultMultiCauseException                       : loaded 2 times (x 93B)
Class org.gradle.internal.time.MonotonicClock                                         : loaded 2 times (x 75B)
Class org.gradle.internal.classloader.FilteringClassLoader                            : loaded 2 times (x 103B)
Class org.gradle.internal.classpath.DefaultClassPath$ImmutableUniqueList$Builder      : loaded 2 times (x 73B)
Class org.gradle.internal.classloader.ClassLoaderVisitor                              : loaded 2 times (x 74B)
Class org.gradle.internal.time.DefaultCountdownTimer                                  : loaded 2 times (x 86B)
Class org.gradle.internal.service.DefaultServiceLocator                               : loaded 2 times (x 81B)
Class org.gradle.internal.service.UnknownServiceException                             : loaded 2 times (x 81B)
Class org.gradle.internal.classloader.DefaultClassLoaderFactory                       : loaded 2 times (x 80B)
Class org.gradle.internal.classloader.VisitableURLClassLoader$Spec                    : loaded 2 times (x 72B)
Class org.gradle.tooling.model.ProjectModel                                           : loaded 2 times (x 68B)
Class org.gradle.internal.installation.GradleInstallation                             : loaded 2 times (x 73B)
Class org.gradle.api.internal.classpath.ModuleRegistry                                : loaded 2 times (x 68B)
Class org.gradle.api.internal.ClassPathProvider                                       : loaded 2 times (x 68B)
Class org.gradle.internal.classloader.ClasspathUtil$1                                 : loaded 2 times (x 74B)
Class org.gradle.internal.classloader.ClassLoaderFactory                              : loaded 2 times (x 68B)
Class org.gradle.api.internal.classpath.ManifestUtil                                  : loaded 2 times (x 69B)
Class org.gradle.api.specs.Spec                                                       : loaded 2 times (x 68B)
Class org.gradle.internal.IoActions                                                   : loaded 2 times (x 69B)
Class org.gradle.api.internal.classpath.EffectiveClassPath                            : loaded 2 times (x 88B)
Class org.gradle.internal.installation.CurrentGradleInstallation                      : loaded 2 times (x 71B)
Class org.gradle.internal.installation.CurrentGradleInstallationLocator               : loaded 2 times (x 69B)
Class org.gradle.api.internal.classpath.Module                                        : loaded 2 times (x 68B)
Class org.gradle.internal.service.CachingServiceLocator                               : loaded 2 times (x 80B)
Class org.gradle.internal.time.Timer                                                  : loaded 2 times (x 68B)
Class org.gradle.internal.classpath.DefaultClassPath                                  : loaded 2 times (x 88B)
Class org.gradle.internal.time.Time                                                   : loaded 2 times (x 69B)
Class org.gradle.internal.time.TimeSource$1                                           : loaded 2 times (x 75B)
Class org.gradle.internal.classloader.SystemClassLoaderSpec                           : loaded 2 times (x 69B)
Class kotlin.Function                                                                 : loaded 2 times (x 68B)
Class org.gradle.api.UncheckedIOException                                             : loaded 2 times (x 80B)
Class org.gradle.internal.time.CountdownTimer                                         : loaded 2 times (x 68B)
Class org.gradle.internal.time.Clock                                                  : loaded 2 times (x 68B)
Class org.gradle.internal.classloader.ClasspathUtil                                   : loaded 2 times (x 69B)
Class org.gradle.api.internal.DefaultClassPathRegistry                                : loaded 2 times (x 74B)
Class org.gradle.api.internal.classpath.DefaultModuleRegistry$DefaultModule           : loaded 2 times (x 84B)
Class org.gradle.internal.time.TimeSource                                             : loaded 2 times (x 68B)
Class org.gradle.api.internal.classpath.UnknownModuleException                        : loaded 2 times (x 80B)
Class org.gradle.internal.service.ServiceLookupException                              : loaded 2 times (x 80B)
Class org.gradle.cache.GlobalCache                                                    : loaded 2 times (x 68B)
Class [Lorg.gradle.api.internal.ClassPathProvider;                                    : loaded 2 times (x 67B)
Class org.gradle.internal.operations.MultipleBuildOperationFailures                   : loaded 2 times (x 93B)
Class org.gradle.util.internal.GUtil                                                  : loaded 2 times (x 69B)
Class org.gradle.internal.classloader.ClassLoaderSpec                                 : loaded 2 times (x 69B)
Class org.gradle.internal.classloader.VisitableURLClassLoader                         : loaded 2 times (x 115B)
Class org.gradle.internal.Cast                                                        : loaded 2 times (x 69B)
Class org.gradle.api.internal.ClassPathRegistry                                       : loaded 2 times (x 68B)
Class org.gradle.internal.classloader.ClassLoaderHierarchy                            : loaded 2 times (x 68B)
Class org.gradle.internal.exceptions.MultiCauseException                              : loaded 2 times (x 68B)
Class org.gradle.internal.InternalTransformer                                         : loaded 2 times (x 68B)
Class org.gradle.internal.service.ServiceLocator                                      : loaded 2 times (x 68B)
Class org.gradle.internal.classpath.DefaultClassPath$ImmutableUniqueList              : loaded 2 times (x 159B)
Class org.gradle.internal.time.DefaultTimer                                           : loaded 2 times (x 78B)


---------------  S Y S T E M  ---------------

OS:
 Windows 10 , 64 bit Build 19041 (10.0.19041.4597)
OS uptime: 4 days 23:25 hours
Hyper-V role detected

CPU: total 4 (initial active 4) (4 cores per cpu, 1 threads per core) family 6 model 158 stepping 9 microcode 0xb4, cx8, cmov, fxsr, mmx, 3dnowpref, sse, sse2, sse3, ssse3, sse4.1, sse4.2, popcnt, lzcnt, tsc, tscinvbit, avx, avx2, aes, erms, clmul, bmi1, bmi2, rtm, adx, fma, vzeroupper, clflush, clflushopt, hv
Processor Information for all 4 processors :
  Max Mhz: 3408, Current Mhz: 3408, Mhz Limit: 3408

Memory: 4k page, system-wide physical 16309M (8062M free)
TotalPageFile size 24018M (AvailPageFile size 15795M)
current process WorkingSet (physical memory assigned to process): 229M, peak: 231M
current process commit charge ("private bytes"): 257M, peak: 389M

vm_info: OpenJDK 64-Bit Server VM (17.0.10+0--11609105) for windows-amd64 JRE (17.0.10+0--11609105), built on Mar 21 2024 19:10:56 by "androidbuild" with MS VC++ 16.10 / 16.11 (VS2019)

END.
